<?xml version="1.0" encoding="UTF-8"?>
<testsuite xmlns:xsi="http://www.w3.org/2001/XMLSchema-instance" xsi:noNamespaceSchemaLocation="https://maven.apache.org/surefire/maven-surefire-plugin/xsd/surefire-test-report-3.0.xsd" version="3.0" name="APISmokeTests" time="6.187" tests="4" errors="0" skipped="0" failures="0">
  <properties>
[...]
</properties>
  <testcase name="testDeleteEmployee" classname="APISmokeTests" time="3.649"/>
  <testcase name="testGetEmployee" classname="APISmokeTests" time="1.114"/>
  <testcase name="testGetEmployees" classname="APISmokeTests" time="0.595"/>
  <testcase name="testCreateEmployee" classname="APISmokeTests" time="0.815"/>
</testsuite>