<?xml version="1.0" encoding="UTF-8"?>
<testsuite xmlns:xsi="http://www.w3.org/2001/XMLSchema-instance" xsi:noNamespaceSchemaLocation="https://maven.apache.org/surefire/maven-surefire-plugin/xsd/surefire-test-report-3.0.xsd" version="3.0" name="SmokeTests" time="112.334" tests="5" errors="0" skipped="0" failures="0">
  <properties>
[...]
</properties>
  <testcase name="findProduct" classname="SmokeTests" time="76.805"/>
  <testcase name="deleteProductFromBusket" classname="SmokeTests" time="88.852"/>
  <testcase name="checkProductCard" classname="SmokeTests" time="89.291"/>
  <testcase name="signUp" classname="SmokeTests" time="102.758"/>
  <testcase name="orderWithoutVerifiedPhone" classname="SmokeTests" time="112.328"/>
</testsuite>